<?xml version="1.0" encoding="UTF-8" standalone="no"?>
<!DOCTYPE log SYSTEM "logger.dtd">
<log>
<record>
  <date>2022-02-15T07:01:56.923656Z</date>
  <millis>1644908516923</millis>
  <nanos>656000</nanos>
  <sequence>0</sequence>
  <logger>DateBaseAuthService</logger>
  <level>INFO</level>
  <class>DateBaseAuthService</class>
  <method>&lt;init&gt;</method>
  <thread>1</thread>
  <message>connect</message>
</record>
<record>
  <date>2022-02-15T07:01:57.114469Z</date>
  <millis>1644908517114</millis>
  <nanos>469000</nanos>
  <sequence>1</sequence>
  <logger>Server</logger>
  <level>INFO</level>
  <class>Server</class>
  <method>&lt;init&gt;</method>
  <thread>1</thread>
  <message>Server started!</message>
</record>
</log>
<?xml version="1.0" encoding="UTF-8" standalone="no"?>
<!DOCTYPE log SYSTEM "logger.dtd">
<log>
<record>
  <date>2022-02-15T07:05:05.539454Z</date>
  <millis>1644908705539</millis>
  <nanos>454000</nanos>
  <sequence>0</sequence>
  <logger>DateBaseAuthService</logger>
  <level>INFO</level>
  <class>DateBaseAuthService</class>
  <method>&lt;init&gt;</method>
  <thread>1</thread>
  <message>connect</message>
</record>
</log>
<?xml version="1.0" encoding="UTF-8" standalone="no"?>
<!DOCTYPE log SYSTEM "logger.dtd">
<log>
<record>
  <date>2022-02-15T07:05:05.647380Z</date>
  <millis>1644908705647</millis>
  <nanos>380000</nanos>
  <sequence>1</sequence>
  <logger>Server</logger>
  <level>INFO</level>
  <class>Server</class>
  <method>&lt;init&gt;</method>
  <thread>1</thread>
  <message>Server started!</message>
</record>
</log>
<?xml version="1.0" encoding="UTF-8" standalone="no"?>
<!DOCTYPE log SYSTEM "logger.dtd">
<log>
<record>
  <date>2022-02-15T07:06:19.951165Z</date>
  <millis>1644908779951</millis>
  <nanos>165000</nanos>
  <sequence>0</sequence>
  <logger>DateBaseAuthService</logger>
  <level>INFO</level>
  <class>DateBaseAuthService</class>
  <method>&lt;init&gt;</method>
  <thread>1</thread>
  <message>connect</message>
</record>
</log>
<?xml version="1.0" encoding="UTF-8" standalone="no"?>
<!DOCTYPE log SYSTEM "logger.dtd">
<log>
<record>
  <date>2022-02-15T07:06:20.043331Z</date>
  <millis>1644908780043</millis>
  <nanos>331000</nanos>
  <sequence>1</sequence>
  <logger>Server</logger>
  <level>INFO</level>
  <class>Server</class>
  <method>&lt;init&gt;</method>
  <thread>1</thread>
  <message>Server started!</message>
</record>
</log>
февр. 15, 2022 10:07:31 AM DateBaseAuthService <init>
INFO: connect
февр. 15, 2022 10:07:31 AM Server <init>
INFO: Server started!
<?xml version="1.0" encoding="UTF-8" standalone="no"?>
<!DOCTYPE log SYSTEM "logger.dtd">
<log>
<record>
  <date>2022-02-15T07:22:56.704701Z</date>
  <millis>1644909776704</millis>
  <nanos>701000</nanos>
  <sequence>0</sequence>
  <logger>DateBaseAuthService</logger>
  <level>INFO</level>
  <class>DateBaseAuthService</class>
  <method>&lt;init&gt;</method>
  <thread>1</thread>
  <message>connect</message>
</record>
</log>
февр. 15, 2022 10:23:48 AM DateBaseAuthService <init>
INFO: connect
февр. 15, 2022 10:24:45 AM DateBaseAuthService <init>
INFO: connect
февр. 15, 2022 10:24:45 AM Server <init>
INFO: Server started!
февр. 15, 2022 10:36:08 AM DateBaseAuthService <init>
INFO: connect
февр. 15, 2022 10:36:08 AM Server <init>
INFO: Server started!
февр. 15, 2022 11:47:25 AM DateBaseAuthService <init>
INFO: connect
февр. 15, 2022 11:47:25 AM Server <init>
INFO: Server started!
февр. 15, 2022 12:10:46 PM DateBaseAuthService <init>
INFO: connect
февр. 15, 2022 12:10:46 PM Server <init>
INFO: Server started!
февр. 15, 2022 12:30:33 PM DateBaseAuthService <init>
INFO: connect
февр. 15, 2022 12:30:33 PM Server <init>
INFO: Server started!
февр. 15, 2022 12:30:48 PM ClientHandler lambda$new$0
INFO: Client khkjhk authenticated
февр. 15, 2022 12:31:42 PM ClientHandler lambda$new$0
WARNING: java.io.EOFException
февр. 15, 2022 12:31:42 PM ClientHandler lambda$new$0
INFO: Client disconnected
